2025.09.19 11:05:02 INFO  Started: Metals version 1.6.2 in folders '/home/inf/Documents/inf/Datenstrukturen' for client Neovim 0.11.4+gcec0ecabd8.[0m
2025.09.19 11:05:04 INFO  no build target found for /home/inf/Documents/inf/Datenstrukturen/src/main/Liste.sc. Using presentation compiler with project's scala-library version: 3.3.6[0m
2025.09.19 11:05:11 WARN  no build target for: /home/inf/Documents/inf/Datenstrukturen/src/main/Liste.sc[0m
2025.09.19 11:05:11 INFO  no build target found for /home/inf/Documents/inf/Datenstrukturen/src/main/Liste.sc. Using presentation compiler with project's scala-library version: 3.3.6[0m
2025.09.19 11:05:11 INFO  running '/home/inf/.local/share/coursier/bin/sbt -Dbloop.export-jar-classifiers=sources bloopInstall'[0m
2025.09.19 11:05:11 INFO  no build target found for /home/inf/Documents/inf/Datenstrukturen/src/main/Liste.sc. Using presentation compiler with project's scala-library version: 3.3.6[0m
2025.09.19 11:05:14 INFO  [info] welcome to sbt 1.11.3 (Ubuntu Java 21.0.8)[0m
2025.09.19 11:05:18 INFO  [info] loading settings for project datenstrukturen-build-build from metals.sbt...[0m
2025.09.19 11:05:20 INFO  [info] loading project definition from /home/inf/Documents/inf/Datenstrukturen/project/project[0m
2025.09.19 11:05:25 INFO  [info] loading settings for project datenstrukturen-build from metals.sbt...[0m
2025.09.19 11:05:25 INFO  [info] loading project definition from /home/inf/Documents/inf/Datenstrukturen/project[0m
2025.09.19 11:05:31 INFO  [success] Generated .bloop/datenstrukturen-build.json[0m
2025.09.19 11:05:31 INFO  [success] Total time: 6 s, completed Sep 19, 2025, 11:05:31 AM[0m
2025.09.19 11:05:34 INFO  [info] loading settings for project root from build.sbt...[0m
2025.09.19 11:05:34 INFO  [info] set current project to Datenstrukturen (in build file:/home/inf/Documents/inf/Datenstrukturen/)[0m
2025.09.19 11:05:34 INFO  [success] Generated .bloop/root.json[0m
2025.09.19 11:05:34 INFO  [success] Generated .bloop/root-test.json[0m
2025.09.19 11:05:35 INFO  [success] Total time: 0 s, completed Sep 19, 2025, 11:05:35 AM[0m
2025.09.19 11:05:35 INFO  time: ran 'sbt bloopInstall' in 23s[0m
2025.09.19 11:05:35 INFO  Attempting to connect to the build server...[0m
2025.09.19 11:05:35 INFO  No running Bloop server found, starting one.[0m
2025.09.19 11:05:41 INFO  Starting compilation server[0m
2025.09.19 11:05:43 INFO  tracing is disabled for protocol BSP, to enable tracing of incoming and outgoing JSON messages create an empty file at /home/inf/Documents/inf/Datenstrukturen/.metals/bsp.trace.json or /home/inf/.cache/metals/bsp.trace.json[0m
2025.09.19 11:05:44 INFO  Attempting to connect to the build server...[0m
2025.09.19 11:05:44 INFO  Found a Bloop server running[0m
2025.09.19 11:05:45 INFO  tracing is disabled for protocol BSP, to enable tracing of incoming and outgoing JSON messages create an empty file at /home/inf/Documents/inf/Datenstrukturen/project/.metals/bsp.trace.json or /home/inf/.cache/metals/bsp.trace.json[0m
2025.09.19 11:05:47 INFO  time: Connected to build server in 11s[0m
2025.09.19 11:05:47 INFO  Connected to Build server: Bloop v2.0.13[0m
2025.09.19 11:05:47 INFO  time: Imported build in 0.22s[0m
2025.09.19 11:05:52 WARN  Could not find java sources in /usr/lib/jvm/src.zip, /usr/lib/jvm/lib/src.zip, /usr/lib/jvm/java-21-openjdk-amd64/src.zip, /usr/lib/jvm/java-21-openjdk-amd64/lib/src.zip. Java symbols will not be available.[0m
2025.09.19 11:06:01 INFO  time: indexed workspace in 13s[0m
2025.09.19 11:06:01 WARN  no build target for: /home/inf/Documents/inf/Datenstrukturen/src/main/Liste.sc[0m
2025.09.19 11:06:01 INFO  no build target found for /home/inf/Documents/inf/Datenstrukturen/src/main/Liste.sc. Using presentation compiler with project's scala-library version: 3.3.6[0m
2025.09.19 11:06:01 INFO  no build target found for /home/inf/Documents/inf/Datenstrukturen/src/main/Liste.sc. Using presentation compiler with project's scala-library version: 3.3.6[0m
2025.09.19 11:06:01 WARN  no build target for: /home/inf/Documents/inf/Datenstrukturen/src/main/Liste.sc[0m
2025.09.19 11:06:01 INFO  no build target found for /home/inf/Documents/inf/Datenstrukturen/src/main/Liste.sc. Using presentation compiler with project's scala-library version: 3.3.6[0m
Exception in thread "pool-9-thread-1" java.lang.InterruptedException
	at scala.meta.internal.metals.FutureCancelToken.checkCanceled(FutureCancelToken.scala:29)
	at scala.meta.internal.pc.CompilerAccess.onCompilerJobQueue$$anonfun$1(CompilerAccess.scala:244)
	at scala.meta.internal.pc.CompilerJobQueue$Job.run(CompilerJobQueue.scala:153)
	at java.base/java.util.concurrent.ThreadPoolExecutor.runWorker(ThreadPoolExecutor.java:1144)
	at java.base/java.util.concurrent.ThreadPoolExecutor$Worker.run(ThreadPoolExecutor.java:642)
	at java.base/java.lang.Thread.run(Thread.java:1583)
2025.09.19 11:06:01 INFO  no build target found for /home/inf/Documents/inf/Datenstrukturen/src/main/Liste.sc. Using presentation compiler with project's scala-library version: 3.3.6[0m
2025.09.19 11:06:51 INFO  Shutting down server[0m
2025.09.19 11:06:51 INFO  shutting down Metals[0m
2025.09.19 11:06:51 INFO  Shut down connection with build server.[0m
2025.09.19 11:06:51 INFO  Shut down connection with build server.[0m
2025.09.19 11:07:02 INFO  Started: Metals version 1.6.2 in folders '/home/inf/Documents/inf/Datenstrukturen' for client Neovim 0.11.4+gcec0ecabd8.[0m
2025.09.19 11:07:03 INFO  no build target found for /home/inf/Documents/inf/Datenstrukturen/src/main/Liste.sc. Using presentation compiler with project's scala-library version: 3.3.6[0m
2025.09.19 11:07:03 INFO  Attempting to connect to the build server...[0m
2025.09.19 11:07:03 INFO  Found a Bloop server running[0m
2025.09.19 11:07:04 INFO  tracing is disabled for protocol BSP, to enable tracing of incoming and outgoing JSON messages create an empty file at /home/inf/Documents/inf/Datenstrukturen/.metals/bsp.trace.json or /home/inf/.cache/metals/bsp.trace.json[0m
2025.09.19 11:07:04 INFO  Attempting to connect to the build server...[0m
2025.09.19 11:07:04 INFO  Found a Bloop server running[0m
2025.09.19 11:07:04 INFO  tracing is disabled for protocol BSP, to enable tracing of incoming and outgoing JSON messages create an empty file at /home/inf/Documents/inf/Datenstrukturen/project/.metals/bsp.trace.json or /home/inf/.cache/metals/bsp.trace.json[0m
2025.09.19 11:07:04 INFO  time: Connected to build server in 0.48s[0m
2025.09.19 11:07:04 INFO  Connected to Build server: Bloop v2.0.13[0m
2025.09.19 11:07:04 INFO  time: Imported build in 0.27s[0m
2025.09.19 11:07:08 WARN  Could not find java sources in /usr/lib/jvm/src.zip, /usr/lib/jvm/lib/src.zip, /usr/lib/jvm/java-21-openjdk-amd64/src.zip, /usr/lib/jvm/java-21-openjdk-amd64/lib/src.zip. Java symbols will not be available.[0m
2025.09.19 11:07:08 INFO  time: indexed workspace in 4.49s[0m
2025.09.19 11:07:09 WARN  no build target for: /home/inf/Documents/inf/Datenstrukturen/src/main/Liste.sc[0m
Sep 19, 2025 11:07:10 AM org.eclipse.lsp4j.jsonrpc.RemoteEndpoint handleCancellation
WARNING: Unmatched cancel notification for request id 4
2025.09.19 11:07:10 INFO  no build target found for /home/inf/Documents/inf/Datenstrukturen/src/main/Liste.sc. Using presentation compiler with project's scala-library version: 3.3.6[0m
2025.09.19 11:07:10 INFO  no build target found for /home/inf/Documents/inf/Datenstrukturen/src/main/Liste.sc. Using presentation compiler with project's scala-library version: 3.3.6[0m
2025.09.19 11:07:20 WARN  no build target for: /home/inf/Documents/inf/Datenstrukturen/src/main/Liste.sc[0m
2025.09.19 11:07:20 INFO  no build target found for /home/inf/Documents/inf/Datenstrukturen/src/main/Liste.sc. Using presentation compiler with project's scala-library version: 3.3.6[0m
2025.09.19 11:07:20 INFO  no build target found for /home/inf/Documents/inf/Datenstrukturen/src/main/Liste.sc. Using presentation compiler with project's scala-library version: 3.3.6[0m
2025.09.19 12:12:55 INFO  Started: Metals version 1.6.2 in folders '/home/inf/Documents/inf/Datenstrukturen' for client Neovim 0.11.4+gcec0ecabd8.[0m
2025.09.19 12:13:01 INFO  no build target found for /home/inf/Documents/inf/Datenstrukturen/src/main/Liste.sc. Using presentation compiler with project's scala-library version: 3.3.6[0m
2025.09.19 12:13:01 INFO  Attempting to connect to the build server...[0m
2025.09.19 12:13:01 INFO  No running Bloop server found, starting one.[0m
2025.09.19 12:13:03 INFO  Starting compilation server[0m
2025.09.19 12:13:06 INFO  tracing is disabled for protocol BSP, to enable tracing of incoming and outgoing JSON messages create an empty file at /home/inf/Documents/inf/Datenstrukturen/.metals/bsp.trace.json or /home/inf/.cache/metals/bsp.trace.json[0m
2025.09.19 12:13:06 INFO  Attempting to connect to the build server...[0m
2025.09.19 12:13:06 INFO  Found a Bloop server running[0m
2025.09.19 12:13:06 INFO  tracing is disabled for protocol BSP, to enable tracing of incoming and outgoing JSON messages create an empty file at /home/inf/Documents/inf/Datenstrukturen/project/.metals/bsp.trace.json or /home/inf/.cache/metals/bsp.trace.json[0m
2025.09.19 12:13:06 INFO  time: Connected to build server in 5.79s[0m
2025.09.19 12:13:06 INFO  Connected to Build server: Bloop v2.0.13[0m
2025.09.19 12:13:07 INFO  time: Imported build in 0.27s[0m
2025.09.19 12:13:10 WARN  Could not find java sources in /usr/lib/jvm/src.zip, /usr/lib/jvm/lib/src.zip, /usr/lib/jvm/java-21-openjdk-amd64/src.zip, /usr/lib/jvm/java-21-openjdk-amd64/lib/src.zip. Java symbols will not be available.[0m
2025.09.19 12:13:11 INFO  time: indexed workspace in 4.32s[0m
2025.09.19 12:13:11 WARN  no build target for: /home/inf/Documents/inf/Datenstrukturen/src/main/Liste.sc[0m
2025.09.19 12:13:11 INFO  no build target found for /home/inf/Documents/inf/Datenstrukturen/src/main/Liste.sc. Using presentation compiler with project's scala-library version: 3.3.6[0m
2025.09.19 12:13:11 INFO  no build target found for /home/inf/Documents/inf/Datenstrukturen/src/main/Liste.sc. Using presentation compiler with project's scala-library version: 3.3.6[0m
2025.09.19 12:15:24 WARN  no build target for: /home/inf/Documents/inf/Datenstrukturen/src/main/Liste.sc[0m
2025.09.19 12:15:24 INFO  no build target found for /home/inf/Documents/inf/Datenstrukturen/src/main/Liste.sc. Using presentation compiler with project's scala-library version: 3.3.6[0m
2025.09.19 12:15:24 INFO  no build target found for /home/inf/Documents/inf/Datenstrukturen/src/main/Liste.sc. Using presentation compiler with project's scala-library version: 3.3.6[0m
2025.09.19 12:15:26 INFO  no build target found for /home/inf/Documents/inf/Datenstrukturen/src/main/Liste.sc. Using presentation compiler with project's scala-library version: 3.3.6[0m
2025.09.19 12:15:33 INFO  no build target found for /home/inf/Documents/inf/Datenstrukturen/src/main/Liste.sc. Using presentation compiler with project's scala-library version: 3.3.6[0m
2025.09.19 12:15:37 INFO  no build target found for /home/inf/Documents/inf/Datenstrukturen/src/main/Liste.sc. Using presentation compiler with project's scala-library version: 3.3.6[0m
2025.09.19 12:15:44 INFO  no build target found for /home/inf/Documents/inf/Datenstrukturen/src/main/Liste.sc. Using presentation compiler with project's scala-library version: 3.3.6[0m
2025.09.19 12:15:46 INFO  no build target found for /home/inf/Documents/inf/Datenstrukturen/src/main/Liste.sc. Using presentation compiler with project's scala-library version: 3.3.6[0m
2025.09.19 12:15:46 INFO  no build target found for /home/inf/Documents/inf/Datenstrukturen/src/main/Liste.sc. Using presentation compiler with project's scala-library version: 3.3.6[0m
2025.09.19 12:15:47 INFO  no build target found for /home/inf/Documents/inf/Datenstrukturen/src/main/Liste.sc. Using presentation compiler with project's scala-library version: 3.3.6[0m
2025.09.19 12:15:47 INFO  no build target found for /home/inf/Documents/inf/Datenstrukturen/src/main/Liste.sc. Using presentation compiler with project's scala-library version: 3.3.6[0m
2025.09.19 12:15:49 INFO  no build target found for /home/inf/Documents/inf/Datenstrukturen/src/main/Liste.sc. Using presentation compiler with project's scala-library version: 3.3.6[0m
2025.09.19 12:15:49 INFO  no build target found for /home/inf/Documents/inf/Datenstrukturen/src/main/Liste.sc. Using presentation compiler with project's scala-library version: 3.3.6[0m
2025.09.19 12:15:49 INFO  no build target found for /home/inf/Documents/inf/Datenstrukturen/src/main/Liste.sc. Using presentation compiler with project's scala-library version: 3.3.6[0m
2025.09.19 12:15:50 INFO  no build target found for /home/inf/Documents/inf/Datenstrukturen/src/main/Liste.sc. Using presentation compiler with project's scala-library version: 3.3.6[0m
2025.09.19 12:15:56 INFO  no build target found for /home/inf/Documents/inf/Datenstrukturen/src/main/Liste.sc. Using presentation compiler with project's scala-library version: 3.3.6[0m
2025.09.19 12:16:18 INFO  no build target found for /home/inf/Documents/inf/Datenstrukturen/src/main/Liste.sc. Using presentation compiler with project's scala-library version: 3.3.6[0m
2025.09.19 12:16:28 WARN  no build target for: /home/inf/Documents/inf/Datenstrukturen/src/main/Liste.sc[0m
2025.09.19 12:16:28 INFO  no build target found for /home/inf/Documents/inf/Datenstrukturen/src/main/Liste.sc. Using presentation compiler with project's scala-library version: 3.3.6[0m
2025.09.19 12:16:29 INFO  no build target found for /home/inf/Documents/inf/Datenstrukturen/src/main/Liste.sc. Using presentation compiler with project's scala-library version: 3.3.6[0m
2025.09.19 12:17:38 WARN  no build target for: /home/inf/Documents/inf/Datenstrukturen/src/main/Liste.sc[0m
2025.09.19 12:17:38 INFO  no build target found for /home/inf/Documents/inf/Datenstrukturen/src/main/Liste.sc. Using presentation compiler with project's scala-library version: 3.3.6[0m
2025.09.19 12:17:38 INFO  no build target found for /home/inf/Documents/inf/Datenstrukturen/src/main/Liste.sc. Using presentation compiler with project's scala-library version: 3.3.6[0m
2025.09.19 12:18:32 INFO  no build target found for /home/inf/Documents/inf/Datenstrukturen/src/main/Liste.sc. Using presentation compiler with project's scala-library version: 3.3.6[0m
2025.09.19 12:18:36 INFO  no build target found for /home/inf/Documents/inf/Datenstrukturen/src/main/Liste.sc. Using presentation compiler with project's scala-library version: 3.3.6[0m
2025.09.19 12:18:36 INFO  Shutting down server[0m
2025.09.19 12:18:36 INFO  shutting down Metals[0m
2025.09.19 12:18:37 INFO  Shut down connection with build server.[0m
2025.09.19 12:18:37 INFO  Shut down connection with build server.[0m
